nohup: ignoring input
Using tensorboardX
Fix size testing.
training chunk_sizes: [4]
The output will be saved to  /home/ubuntu/oljike/PlayerTracking/training_FairMOT/src/lib/../../exp/mot/custom_5vals_colors_all_30ep_repr2
Setting up data...
================================================================================
dataset summary
OrderedDict([('custom', 91675.0)])
total # identities: 91676
start index
OrderedDict([('custom', 0)])
================================================================================
================================================================================
dataset summary
OrderedDict([('custom', 45653.0)])
total # identities: 45654
start index
OrderedDict([('custom', 0)])
================================================================================
heads {'hm': 1, 'wh': 4, 'id': 128, 'reg': 2}
Namespace(K=248, angular_loss=False, arch='dla_34', ball_weight=0.0, batch_size=4, cat_spec_wh=False, chunk_sizes=[4], color_weight=1.05, conf_thres=0.4, config='configs/baseline_conf_repr2.py', custom_val=False, data_cfg='./lib/cfg/custom.json', data_dir='/data/yfzhang/MOT/JDE', dataset='jde', debug_dir='/home/ubuntu/oljike/PlayerTracking/training_FairMOT/src/lib/../../exp/mot/custom_5vals_colors_all_30ep_repr2/debug', dense_wh=False, det_thres=0.3, down_ratio=4, exp_dir='/home/ubuntu/oljike/PlayerTracking/training_FairMOT/src/lib/../../exp/mot', exp_id='custom_5vals_colors_all_30ep_repr2', fix_res=True, gpus=[0], gpus_str='0', head_conv=256, heads={'hm': 1, 'wh': 4, 'id': 128, 'reg': 2}, hide_data_time=False, hm_weight=1, id_loss='ce', id_weight=1.05, img_size=(1088, 608), input_h=1088, input_res=1088, input_video='../videos/MOT16-03.mp4', input_w=608, keep_res=False, load_model='../models/fairmot_dla34.pth', lr=2.5e-05, lr_step=[15], ltrb=True, master_batch_size=4, mean=None, metric='loss', min_box_area=100, mse_loss=False, nID=91676, nms_thres=0.4, norm_eval=False, norm_wh=False, not_cuda_benchmark=False, not_prefetch_test=False, not_reg_offset=False, num_classes=1, num_epochs=10, num_iters=-1, num_stacks=1, num_workers=8, ocr=None, off_weight=1, output_format='video', output_h=272, output_res=272, output_root='../demos', output_w=152, pad=31, print_iter=100, reg_loss='l1', reg_offset=True, reid_dim=128, resume=False, root_dir='/home/ubuntu/oljike/PlayerTracking/training_FairMOT/src/lib/../..', save_all=False, save_dir='/home/ubuntu/oljike/PlayerTracking/training_FairMOT/src/lib/../../exp/mot/custom_5vals_colors_all_30ep_repr2', seed=317, std=None, task='mot', test=False, test_hie=False, test_mot15=False, test_mot16=False, test_mot17=False, test_mot20=False, track_buffer=30, trainval=False, val_hie=False, val_intervals=1, val_mot15=False, val_mot16=False, val_mot17=False, val_mot20=False, vis_thresh=0.5, wh_weight=0.1)
Creating model...
Starting training...
1.05
Adding color head...
loaded ../models/fairmot_dla34.pth, epoch 30
mot/custom_5vals_colors_all_30ep_repr2| train: [1][0/1626]|Tot: 0:00:04 |ETA: 0:00:00 |loss 31.0152 |hm_loss 2.3818 |wh_loss 1.4773 |off_loss 0.2144 |id_loss 11.7887 |Data 1.108s(1.108s) |Net 4.069s
mot/custom_5vals_colors_all_30ep_repr2| train: [1][100/1626]|Tot: 0:00:49 |ETA: 0:00:00 |loss 26.3561 |hm_loss 1.2179 |wh_loss 1.2803 |off_loss 0.2283 |id_loss 11.7631 |Data 0.002s(0.013s) |Net 0.492s
mot/custom_5vals_colors_all_30ep_repr2| train: [1][200/1626]|Tot: 0:01:35 |ETA: 0:00:00 |loss 25.6114 |hm_loss 1.0442 |wh_loss 1.1995 |off_loss 0.2246 |id_loss 11.7705 |Data 0.002s(0.007s) |Net 0.474s
mot/custom_5vals_colors_all_30ep_repr2| train: [1][300/1626]|Tot: 0:02:20 |ETA: 0:00:00 |loss 25.1520 |hm_loss 0.9511 |wh_loss 1.1515 |off_loss 0.2229 |id_loss 11.7798 |Data 0.002s(0.005s) |Net 0.468s
mot/custom_5vals_colors_all_30ep_repr2| train: [1][400/1626]|Tot: 0:03:06 |ETA: 0:00:00 |loss 24.8643 |hm_loss 0.8889 |wh_loss 1.1183 |off_loss 0.2221 |id_loss 11.7988 |Data 0.002s(0.004s) |Net 0.465s
mot/custom_5vals_colors_all_30ep_repr2| train: [1][500/1626]|Tot: 0:03:52 |ETA: 0:00:00 |loss 24.6161 |hm_loss 0.8361 |wh_loss 1.0878 |off_loss 0.2216 |id_loss 11.8214 |Data 0.002s(0.004s) |Net 0.463s
mot/custom_5vals_colors_all_30ep_repr2| train: [1][600/1626]|Tot: 0:04:37 |ETA: 0:00:00 |loss 24.4828 |hm_loss 0.8077 |wh_loss 1.0739 |off_loss 0.2218 |id_loss 11.8474 |Data 0.002s(0.004s) |Net 0.462s
mot/custom_5vals_colors_all_30ep_repr2| train: [1][700/1626]|Tot: 0:05:23 |ETA: 0:00:00 |loss 24.3255 |hm_loss 0.7757 |wh_loss 1.0554 |off_loss 0.2214 |id_loss 11.8704 |Data 0.002s(0.003s) |Net 0.461s
mot/custom_5vals_colors_all_30ep_repr2| train: [1][800/1626]|Tot: 0:06:08 |ETA: 0:00:00 |loss 24.1706 |hm_loss 0.7511 |wh_loss 1.0392 |off_loss 0.2206 |id_loss 11.8836 |Data 0.002s(0.003s) |Net 0.461s
mot/custom_5vals_colors_all_30ep_repr2| train: [1][900/1626]|Tot: 0:06:54 |ETA: 0:00:00 |loss 24.0043 |hm_loss 0.7285 |wh_loss 1.0255 |off_loss 0.2202 |id_loss 11.8863 |Data 0.002s(0.003s) |Net 0.460s
mot/custom_5vals_colors_all_30ep_repr2| train: [1][1000/1626]|Tot: 0:07:40 |ETA: 0:00:00 |loss 23.8799 |hm_loss 0.7115 |wh_loss 1.0154 |off_loss 0.2198 |id_loss 11.8858 |Data 0.002s(0.003s) |Net 0.460s
mot/custom_5vals_colors_all_30ep_repr2| train: [1][1100/1626]|Tot: 0:08:25 |ETA: 0:00:00 |loss 23.7527 |hm_loss 0.6955 |wh_loss 1.0078 |off_loss 0.2197 |id_loss 11.8842 |Data 0.002s(0.003s) |Net 0.459s
mot/custom_5vals_colors_all_30ep_repr2| train: [1][1200/1626]|Tot: 0:09:11 |ETA: 0:00:00 |loss 23.6053 |hm_loss 0.6827 |wh_loss 0.9996 |off_loss 0.2193 |id_loss 11.8783 |Data 0.002s(0.003s) |Net 0.459s
mot/custom_5vals_colors_all_30ep_repr2| train: [1][1300/1626]|Tot: 0:09:56 |ETA: 0:00:00 |loss 23.4758 |hm_loss 0.6692 |wh_loss 0.9909 |off_loss 0.2193 |id_loss 11.8701 |Data 0.002s(0.003s) |Net 0.459s
mot/custom_5vals_colors_all_30ep_repr2| train: [1][1400/1626]|Tot: 0:10:42 |ETA: 0:00:00 |loss 23.3475 |hm_loss 0.6585 |wh_loss 0.9880 |off_loss 0.2190 |id_loss 11.8603 |Data 0.002s(0.002s) |Net 0.459s
mot/custom_5vals_colors_all_30ep_repr2| train: [1][1500/1626]|Tot: 0:11:28 |ETA: 0:00:00 |loss 23.2153 |hm_loss 0.6491 |wh_loss 0.9801 |off_loss 0.2187 |id_loss 11.8493 |Data 0.002s(0.002s) |Net 0.458s
mot/custom_5vals_colors_all_30ep_repr2| train: [1][1600/1626]|Tot: 0:12:13 |ETA: 0:00:00 |loss 23.0802 |hm_loss 0.6380 |wh_loss 0.9717 |off_loss 0.2184 |id_loss 11.8403 |Data 0.002s(0.002s) |Net 0.458s
/home/ubuntu/anaconda3/envs/open-mmlab/lib/python3.7/site-packages/torch/nn/_reduction.py:44: UserWarning: size_average and reduce args will be deprecated, please use reduction='sum' instead.
  warnings.warn(warning.format(ret))
mot/custom_5vals_colors_all_30ep_repr2| val: [1][0/1000]|Tot: 0:00:00 |ETA: 0:00:00 |loss 23.5286 |hm_loss 0.5012 |wh_loss 0.7858 |off_loss 0.1911 |id_loss 12.0082 |Data 0.307s(0.307s) |Net 0.735s
mot/custom_5vals_colors_all_30ep_repr2| val: [1][100/1000]|Tot: 0:00:04 |ETA: 0:00:00 |loss 22.8306 |hm_loss 0.4399 |wh_loss 0.7842 |off_loss 0.2297 |id_loss 11.7324 |Data 0.001s(0.004s) |Net 0.042s
mot/custom_5vals_colors_all_30ep_repr2| val: [1][200/1000]|Tot: 0:00:07 |ETA: 0:00:00 |loss 23.1847 |hm_loss 0.5242 |wh_loss 0.8025 |off_loss 0.2261 |id_loss 11.7165 |Data 0.001s(0.003s) |Net 0.038s
mot/custom_5vals_colors_all_30ep_repr2| val: [1][300/1000]|Tot: 0:00:11 |ETA: 0:00:00 |loss 23.6934 |hm_loss 0.6041 |wh_loss 1.0542 |off_loss 0.2301 |id_loss 11.6981 |Data 0.001s(0.002s) |Net 0.037s
mot/custom_5vals_colors_all_30ep_repr2| val: [1][400/1000]|Tot: 0:00:14 |ETA: 0:00:00 |loss 24.0222 |hm_loss 0.6731 |wh_loss 1.1651 |off_loss 0.2341 |id_loss 11.6940 |Data 0.002s(0.002s) |Net 0.036s
mot/custom_5vals_colors_all_30ep_repr2| val: [1][500/1000]|Tot: 0:00:18 |ETA: 0:00:00 |loss 23.9338 |hm_loss 0.6436 |wh_loss 1.1928 |off_loss 0.2332 |id_loss 11.6716 |Data 0.001s(0.002s) |Net 0.036s
mot/custom_5vals_colors_all_30ep_repr2| val: [1][600/1000]|Tot: 0:00:21 |ETA: 0:00:00 |loss 23.9098 |hm_loss 0.6314 |wh_loss 1.2212 |off_loss 0.2327 |id_loss 11.6649 |Data 0.001s(0.002s) |Net 0.036s
mot/custom_5vals_colors_all_30ep_repr2| val: [1][700/1000]|Tot: 0:00:25 |ETA: 0:00:00 |loss 23.6810 |hm_loss 0.5939 |wh_loss 1.1727 |off_loss 0.2308 |id_loss 11.6597 |Data 0.001s(0.002s) |Net 0.036s
mot/custom_5vals_colors_all_30ep_repr2| val: [1][800/1000]|Tot: 0:00:28 |ETA: 0:00:00 |loss 23.6155 |hm_loss 0.5815 |wh_loss 1.1571 |off_loss 0.2304 |id_loss 11.6572 |Data 0.001s(0.002s) |Net 0.036s
mot/custom_5vals_colors_all_30ep_repr2| val: [1][900/1000]|Tot: 0:00:32 |ETA: 0:00:00 |loss 23.6709 |hm_loss 0.5805 |wh_loss 1.1258 |off_loss 0.2305 |id_loss 11.6643 |Data 0.001s(0.002s) |Net 0.036s
mot/custom_5vals_colors_all_30ep_repr2| train: [2][0/1626]|Tot: 0:00:01 |ETA: 0:00:00 |loss 21.5670 |hm_loss 0.4235 |wh_loss 0.8379 |off_loss 0.1940 |id_loss 11.7852 |Data 0.875s(0.875s) |Net 1.413s
mot/custom_5vals_colors_all_30ep_repr2| train: [2][100/1626]|Tot: 0:00:47 |ETA: 0:00:00 |loss 20.6140 |hm_loss 0.4694 |wh_loss 0.8541 |off_loss 0.2152 |id_loss 11.6313 |Data 0.002s(0.011s) |Net 0.466s
mot/custom_5vals_colors_all_30ep_repr2| train: [2][200/1626]|Tot: 0:01:32 |ETA: 0:00:00 |loss 20.5492 |hm_loss 0.4857 |wh_loss 0.8750 |off_loss 0.2153 |id_loss 11.6295 |Data 0.002s(0.006s) |Net 0.461s
mot/custom_5vals_colors_all_30ep_repr2| train: [2][300/1626]|Tot: 0:02:18 |ETA: 0:00:00 |loss 20.5077 |hm_loss 0.4824 |wh_loss 0.8704 |off_loss 0.2146 |id_loss 11.6323 |Data 0.002s(0.005s) |Net 0.460s
mot/custom_5vals_colors_all_30ep_repr2| train: [2][400/1626]|Tot: 0:03:04 |ETA: 0:00:00 |loss 20.4052 |hm_loss 0.4787 |wh_loss 0.8645 |off_loss 0.2137 |id_loss 11.6245 |Data 0.002s(0.004s) |Net 0.459s
mot/custom_5vals_colors_all_30ep_repr2| train: [2][500/1626]|Tot: 0:03:49 |ETA: 0:00:00 |loss 20.3114 |hm_loss 0.4748 |wh_loss 0.8623 |off_loss 0.2140 |id_loss 11.6200 |Data 0.002s(0.003s) |Net 0.458s
mot/custom_5vals_colors_all_30ep_repr2| train: [2][600/1626]|Tot: 0:04:35 |ETA: 0:00:00 |loss 20.2259 |hm_loss 0.4712 |wh_loss 0.8610 |off_loss 0.2144 |id_loss 11.6164 |Data 0.002s(0.003s) |Net 0.458s
mot/custom_5vals_colors_all_30ep_repr2| train: [2][700/1626]|Tot: 0:05:20 |ETA: 0:00:00 |loss 20.1403 |hm_loss 0.4686 |wh_loss 0.8540 |off_loss 0.2143 |id_loss 11.6157 |Data 0.002s(0.003s) |Net 0.458s
mot/custom_5vals_colors_all_30ep_repr2| train: [2][800/1626]|Tot: 0:06:06 |ETA: 0:00:00 |loss 20.0609 |hm_loss 0.4672 |wh_loss 0.8499 |off_loss 0.2142 |id_loss 11.6150 |Data 0.002s(0.003s) |Net 0.458s
mot/custom_5vals_colors_all_30ep_repr2| train: [2][900/1626]|Tot: 0:06:52 |ETA: 0:00:00 |loss 19.9885 |hm_loss 0.4659 |wh_loss 0.8487 |off_loss 0.2145 |id_loss 11.6139 |Data 0.002s(0.003s) |Net 0.457s
mot/custom_5vals_colors_all_30ep_repr2| train: [2][1000/1626]|Tot: 0:07:37 |ETA: 0:00:00 |loss 19.8972 |hm_loss 0.4636 |wh_loss 0.8439 |off_loss 0.2146 |id_loss 11.6124 |Data 0.002s(0.003s) |Net 0.457s
mot/custom_5vals_colors_all_30ep_repr2| train: [2][1100/1626]|Tot: 0:08:23 |ETA: 0:00:00 |loss 19.8261 |hm_loss 0.4617 |wh_loss 0.8405 |off_loss 0.2146 |id_loss 11.6107 |Data 0.002s(0.003s) |Net 0.457s
mot/custom_5vals_colors_all_30ep_repr2| train: [2][1200/1626]|Tot: 0:09:09 |ETA: 0:00:00 |loss 19.7590 |hm_loss 0.4603 |wh_loss 0.8419 |off_loss 0.2145 |id_loss 11.6106 |Data 0.002s(0.002s) |Net 0.457s
mot/custom_5vals_colors_all_30ep_repr2| train: [2][1300/1626]|Tot: 0:09:54 |ETA: 0:00:00 |loss 19.6825 |hm_loss 0.4581 |wh_loss 0.8397 |off_loss 0.2145 |id_loss 11.6078 |Data 0.002s(0.002s) |Net 0.457s
mot/custom_5vals_colors_all_30ep_repr2| train: [2][1400/1626]|Tot: 0:10:40 |ETA: 0:00:00 |loss 19.6222 |hm_loss 0.4570 |wh_loss 0.8444 |off_loss 0.2143 |id_loss 11.6072 |Data 0.002s(0.002s) |Net 0.457s
mot/custom_5vals_colors_all_30ep_repr2| train: [2][1500/1626]|Tot: 0:11:26 |ETA: 0:00:00 |loss 19.5529 |hm_loss 0.4542 |wh_loss 0.8424 |off_loss 0.2145 |id_loss 11.6044 |Data 0.002s(0.002s) |Net 0.457s
mot/custom_5vals_colors_all_30ep_repr2| train: [2][1600/1626]|Tot: 0:12:11 |ETA: 0:00:00 |loss 19.4870 |hm_loss 0.4529 |wh_loss 0.8412 |off_loss 0.2143 |id_loss 11.6033 |Data 0.002s(0.002s) |Net 0.457s
mot/custom_5vals_colors_all_30ep_repr2| val: [2][0/1000]|Tot: 0:00:00 |ETA: 0:00:00 |loss 24.5555 |hm_loss 0.4441 |wh_loss 0.7277 |off_loss 0.1892 |id_loss 12.3741 |Data 0.359s(0.359s) |Net 0.445s
mot/custom_5vals_colors_all_30ep_repr2| val: [2][100/1000]|Tot: 0:00:03 |ETA: 0:00:00 |loss 24.1963 |hm_loss 0.3953 |wh_loss 0.7586 |off_loss 0.2296 |id_loss 12.2589 |Data 0.001s(0.005s) |Net 0.039s
mot/custom_5vals_colors_all_30ep_repr2| val: [2][200/1000]|Tot: 0:00:07 |ETA: 0:00:00 |loss 24.4605 |hm_loss 0.4510 |wh_loss 0.7662 |off_loss 0.2265 |id_loss 12.2613 |Data 0.001s(0.003s) |Net 0.037s
mot/custom_5vals_colors_all_30ep_repr2| val: [2][300/1000]|Tot: 0:00:10 |ETA: 0:00:00 |loss 25.0113 |hm_loss 0.5483 |wh_loss 1.1395 |off_loss 0.2308 |id_loss 12.2374 |Data 0.001s(0.003s) |Net 0.037s
mot/custom_5vals_colors_all_30ep_repr2| val: [2][400/1000]|Tot: 0:00:14 |ETA: 0:00:00 |loss 25.3900 |hm_loss 0.6260 |wh_loss 1.2930 |off_loss 0.2345 |id_loss 12.2323 |Data 0.002s(0.002s) |Net 0.036s
mot/custom_5vals_colors_all_30ep_repr2| val: [2][500/1000]|Tot: 0:00:18 |ETA: 0:00:00 |loss 25.2357 |hm_loss 0.5942 |wh_loss 1.2433 |off_loss 0.2330 |id_loss 12.2075 |Data 0.001s(0.002s) |Net 0.036s
mot/custom_5vals_colors_all_30ep_repr2| val: [2][600/1000]|Tot: 0:00:21 |ETA: 0:00:00 |loss 25.2124 |hm_loss 0.5847 |wh_loss 1.2234 |off_loss 0.2323 |id_loss 12.2063 |Data 0.001s(0.002s) |Net 0.036s
mot/custom_5vals_colors_all_30ep_repr2| val: [2][700/1000]|Tot: 0:00:25 |ETA: 0:00:00 |loss 25.0781 |hm_loss 0.5479 |wh_loss 1.1552 |off_loss 0.2303 |id_loss 12.2158 |Data 0.002s(0.002s) |Net 0.036s
mot/custom_5vals_colors_all_30ep_repr2| val: [2][800/1000]|Tot: 0:00:28 |ETA: 0:00:00 |loss 25.0448 |hm_loss 0.5353 |wh_loss 1.1232 |off_loss 0.2298 |id_loss 12.2135 |Data 0.001s(0.002s) |Net 0.036s
mot/custom_5vals_colors_all_30ep_repr2| val: [2][900/1000]|Tot: 0:00:32 |ETA: 0:00:00 |loss 25.1218 |hm_loss 0.5338 |wh_loss 1.1167 |off_loss 0.2305 |id_loss 12.2408 |Data 0.001s(0.002s) |Net 0.036s
mot/custom_5vals_colors_all_30ep_repr2| train: [3][0/1626]|Tot: 0:00:01 |ETA: 0:00:00 |loss 20.6427 |hm_loss 1.1820 |wh_loss 1.2954 |off_loss 0.2193 |id_loss 11.5248 |Data 1.238s(1.238s) |Net 1.854s
mot/custom_5vals_colors_all_30ep_repr2| train: [3][100/1626]|Tot: 0:00:47 |ETA: 0:00:00 |loss 18.1158 |hm_loss 0.4232 |wh_loss 0.8177 |off_loss 0.2129 |id_loss 11.4906 |Data 0.002s(0.014s) |Net 0.470s
mot/custom_5vals_colors_all_30ep_repr2| train: [3][200/1626]|Tot: 0:01:33 |ETA: 0:00:00 |loss 18.0898 |hm_loss 0.4260 |wh_loss 0.8274 |off_loss 0.2130 |id_loss 11.4945 |Data 0.002s(0.008s) |Net 0.463s
mot/custom_5vals_colors_all_30ep_repr2| train: [3][300/1626]|Tot: 0:02:18 |ETA: 0:00:00 |loss 18.0018 |hm_loss 0.4198 |wh_loss 0.8227 |off_loss 0.2120 |id_loss 11.4861 |Data 0.002s(0.006s) |Net 0.461s
mot/custom_5vals_colors_all_30ep_repr2| train: [3][400/1626]|Tot: 0:03:04 |ETA: 0:00:00 |loss 17.9749 |hm_loss 0.4214 |wh_loss 0.8151 |off_loss 0.2131 |id_loss 11.4916 |Data 0.002s(0.005s) |Net 0.460s
mot/custom_5vals_colors_all_30ep_repr2| train: [3][500/1626]|Tot: 0:03:49 |ETA: 0:00:00 |loss 17.9149 |hm_loss 0.4195 |wh_loss 0.8149 |off_loss 0.2130 |id_loss 11.4947 |Data 0.002s(0.004s) |Net 0.459s
mot/custom_5vals_colors_all_30ep_repr2| train: [3][600/1626]|Tot: 0:04:35 |ETA: 0:00:00 |loss 17.8467 |hm_loss 0.4177 |wh_loss 0.8092 |off_loss 0.2129 |id_loss 11.4913 |Data 0.002s(0.004s) |Net 0.459s
mot/custom_5vals_colors_all_30ep_repr2| train: [3][700/1626]|Tot: 0:05:21 |ETA: 0:00:00 |loss 17.8010 |hm_loss 0.4187 |wh_loss 0.8050 |off_loss 0.2128 |id_loss 11.4906 |Data 0.002s(0.003s) |Net 0.458s
mot/custom_5vals_colors_all_30ep_repr2| train: [3][800/1626]|Tot: 0:06:06 |ETA: 0:00:00 |loss 17.7410 |hm_loss 0.4190 |wh_loss 0.8036 |off_loss 0.2128 |id_loss 11.4916 |Data 0.002s(0.003s) |Net 0.458s
mot/custom_5vals_colors_all_30ep_repr2| train: [3][900/1626]|Tot: 0:06:52 |ETA: 0:00:00 |loss 17.6718 |hm_loss 0.4160 |wh_loss 0.8007 |off_loss 0.2128 |id_loss 11.4889 |Data 0.002s(0.003s) |Net 0.458s
mot/custom_5vals_colors_all_30ep_repr2| train: [3][1000/1626]|Tot: 0:07:38 |ETA: 0:00:00 |loss 17.6151 |hm_loss 0.4150 |wh_loss 0.8009 |off_loss 0.2129 |id_loss 11.4859 |Data 0.002s(0.003s) |Net 0.458s
mot/custom_5vals_colors_all_30ep_repr2| train: [3][1100/1626]|Tot: 0:08:23 |ETA: 0:00:00 |loss 17.5632 |hm_loss 0.4129 |wh_loss 0.7970 |off_loss 0.2127 |id_loss 11.4850 |Data 0.002s(0.003s) |Net 0.458s
mot/custom_5vals_colors_all_30ep_repr2| train: [3][1200/1626]|Tot: 0:09:09 |ETA: 0:00:00 |loss 17.5106 |hm_loss 0.4113 |wh_loss 0.7965 |off_loss 0.2126 |id_loss 11.4827 |Data 0.002s(0.003s) |Net 0.457s
mot/custom_5vals_colors_all_30ep_repr2| train: [3][1300/1626]|Tot: 0:09:55 |ETA: 0:00:00 |loss 17.4511 |hm_loss 0.4074 |wh_loss 0.7914 |off_loss 0.2126 |id_loss 11.4828 |Data 0.002s(0.003s) |Net 0.457s
mot/custom_5vals_colors_all_30ep_repr2| train: [3][1400/1626]|Tot: 0:10:40 |ETA: 0:00:00 |loss 17.3970 |hm_loss 0.4059 |wh_loss 0.7911 |off_loss 0.2125 |id_loss 11.4831 |Data 0.002s(0.003s) |Net 0.457s
mot/custom_5vals_colors_all_30ep_repr2| train: [3][1500/1626]|Tot: 0:11:26 |ETA: 0:00:00 |loss 17.3487 |hm_loss 0.4054 |wh_loss 0.7902 |off_loss 0.2124 |id_loss 11.4829 |Data 0.002s(0.003s) |Net 0.457s
mot/custom_5vals_colors_all_30ep_repr2| train: [3][1600/1626]|Tot: 0:12:12 |ETA: 0:00:00 |loss 17.3086 |hm_loss 0.4057 |wh_loss 0.7911 |off_loss 0.2126 |id_loss 11.4835 |Data 0.002s(0.002s) |Net 0.457s
mot/custom_5vals_colors_all_30ep_repr2| val: [3][0/1000]|Tot: 0:00:00 |ETA: 0:00:00 |loss 24.7860 |hm_loss 0.4409 |wh_loss 0.8992 |off_loss 0.1865 |id_loss 12.5329 |Data 0.344s(0.344s) |Net 0.433s
mot/custom_5vals_colors_all_30ep_repr2| val: [3][100/1000]|Tot: 0:00:04 |ETA: 0:00:00 |loss 24.3152 |hm_loss 0.3719 |wh_loss 0.8339 |off_loss 0.2287 |id_loss 12.4692 |Data 0.001s(0.005s) |Net 0.040s
mot/custom_5vals_colors_all_30ep_repr2| val: [3][200/1000]|Tot: 0:00:07 |ETA: 0:00:00 |loss 24.5898 |hm_loss 0.4212 |wh_loss 0.8369 |off_loss 0.2245 |id_loss 12.5073 |Data 0.001s(0.003s) |Net 0.038s
mot/custom_5vals_colors_all_30ep_repr2| val: [3][300/1000]|Tot: 0:00:11 |ETA: 0:00:00 |loss 24.9770 |hm_loss 0.5161 |wh_loss 1.1413 |off_loss 0.2291 |id_loss 12.4731 |Data 0.001s(0.003s) |Net 0.037s
mot/custom_5vals_colors_all_30ep_repr2| val: [3][400/1000]|Tot: 0:00:14 |ETA: 0:00:00 |loss 25.2790 |hm_loss 0.5786 |wh_loss 1.2629 |off_loss 0.2321 |id_loss 12.4782 |Data 0.001s(0.002s) |Net 0.037s
mot/custom_5vals_colors_all_30ep_repr2| val: [3][500/1000]|Tot: 0:00:18 |ETA: 0:00:00 |loss 25.2397 |hm_loss 0.5519 |wh_loss 1.2281 |off_loss 0.2308 |id_loss 12.5061 |Data 0.001s(0.002s) |Net 0.036s
mot/custom_5vals_colors_all_30ep_repr2| val: [3][600/1000]|Tot: 0:00:21 |ETA: 0:00:00 |loss 25.2706 |hm_loss 0.5401 |wh_loss 1.2131 |off_loss 0.2303 |id_loss 12.5403 |Data 0.001s(0.002s) |Net 0.036s
mot/custom_5vals_colors_all_30ep_repr2| val: [3][700/1000]|Tot: 0:00:25 |ETA: 0:00:00 |loss 25.1719 |hm_loss 0.5070 |wh_loss 1.1542 |off_loss 0.2285 |id_loss 12.5465 |Data 0.001s(0.002s) |Net 0.036s
mot/custom_5vals_colors_all_30ep_repr2| val: [3][800/1000]|Tot: 0:00:28 |ETA: 0:00:00 |loss 25.1701 |hm_loss 0.4956 |wh_loss 1.1296 |off_loss 0.2281 |id_loss 12.5422 |Data 0.001s(0.002s) |Net 0.036s
mot/custom_5vals_colors_all_30ep_repr2| val: [3][900/1000]|Tot: 0:00:32 |ETA: 0:00:00 |loss 25.2756 |hm_loss 0.4897 |wh_loss 1.1107 |off_loss 0.2282 |id_loss 12.5841 |Data 0.001s(0.002s) |Net 0.036s
mot/custom_5vals_colors_all_30ep_repr2| train: [4][0/1626]|Tot: 0:00:01 |ETA: 0:00:00 |loss 16.4144 |hm_loss 0.3282 |wh_loss 0.9100 |off_loss 0.2196 |id_loss 11.4853 |Data 1.091s(1.091s) |Net 1.607s
mot/custom_5vals_colors_all_30ep_repr2| train: [4][100/1626]|Tot: 0:00:47 |ETA: 0:00:00 |loss 16.3087 |hm_loss 0.3912 |wh_loss 0.7737 |off_loss 0.2110 |id_loss 11.3815 |Data 0.002s(0.012s) |Net 0.468s
mot/custom_5vals_colors_all_30ep_repr2| train: [4][200/1626]|Tot: 0:01:32 |ETA: 0:00:00 |loss 16.2577 |hm_loss 0.3786 |wh_loss 0.7653 |off_loss 0.2096 |id_loss 11.3825 |Data 0.002s(0.007s) |Net 0.462s
mot/custom_5vals_colors_all_30ep_repr2| train: [4][300/1626]|Tot: 0:02:18 |ETA: 0:00:00 |loss 16.2382 |hm_loss 0.3801 |wh_loss 0.7680 |off_loss 0.2094 |id_loss 11.3921 |Data 0.002s(0.005s) |Net 0.460s
mot/custom_5vals_colors_all_30ep_repr2| train: [4][400/1626]|Tot: 0:03:04 |ETA: 0:00:00 |loss 16.2102 |hm_loss 0.3816 |wh_loss 0.7660 |off_loss 0.2098 |id_loss 11.3948 |Data 0.002s(0.004s) |Net 0.460s
mot/custom_5vals_colors_all_30ep_repr2| train: [4][500/1626]|Tot: 0:03:49 |ETA: 0:00:00 |loss 16.1526 |hm_loss 0.3794 |wh_loss 0.7647 |off_loss 0.2099 |id_loss 11.3921 |Data 0.002s(0.004s) |Net 0.459s
mot/custom_5vals_colors_all_30ep_repr2| train: [4][600/1626]|Tot: 0:04:35 |ETA: 0:00:00 |loss 16.1245 |hm_loss 0.3834 |wh_loss 0.7677 |off_loss 0.2100 |id_loss 11.3887 |Data 0.002s(0.004s) |Net 0.459s
mot/custom_5vals_colors_all_30ep_repr2| train: [4][700/1626]|Tot: 0:05:21 |ETA: 0:00:00 |loss 16.0861 |hm_loss 0.3843 |wh_loss 0.7629 |off_loss 0.2104 |id_loss 11.3891 |Data 0.002s(0.003s) |Net 0.458s
mot/custom_5vals_colors_all_30ep_repr2| train: [4][800/1626]|Tot: 0:06:06 |ETA: 0:00:00 |loss 16.0543 |hm_loss 0.3846 |wh_loss 0.7621 |off_loss 0.2110 |id_loss 11.3917 |Data 0.002s(0.003s) |Net 0.458s
mot/custom_5vals_colors_all_30ep_repr2| train: [4][900/1626]|Tot: 0:06:52 |ETA: 0:00:00 |loss 16.0130 |hm_loss 0.3837 |wh_loss 0.7624 |off_loss 0.2109 |id_loss 11.3889 |Data 0.002s(0.003s) |Net 0.458s
mot/custom_5vals_colors_all_30ep_repr2| train: [4][1000/1626]|Tot: 0:07:38 |ETA: 0:00:00 |loss 15.9838 |hm_loss 0.3828 |wh_loss 0.7648 |off_loss 0.2109 |id_loss 11.3888 |Data 0.002s(0.003s) |Net 0.458s
mot/custom_5vals_colors_all_30ep_repr2| train: [4][1100/1626]|Tot: 0:08:23 |ETA: 0:00:00 |loss 15.9510 |hm_loss 0.3831 |wh_loss 0.7629 |off_loss 0.2112 |id_loss 11.3869 |Data 0.002s(0.003s) |Net 0.458s
mot/custom_5vals_colors_all_30ep_repr2| train: [4][1200/1626]|Tot: 0:09:09 |ETA: 0:00:00 |loss 15.9061 |hm_loss 0.3822 |wh_loss 0.7643 |off_loss 0.2112 |id_loss 11.3843 |Data 0.002s(0.003s) |Net 0.458s
mot/custom_5vals_colors_all_30ep_repr2| train: [4][1300/1626]|Tot: 0:09:55 |ETA: 0:00:00 |loss 15.8650 |hm_loss 0.3808 |wh_loss 0.7637 |off_loss 0.2112 |id_loss 11.3840 |Data 0.002s(0.003s) |Net 0.458s
mot/custom_5vals_colors_all_30ep_repr2| train: [4][1400/1626]|Tot: 0:10:40 |ETA: 0:00:00 |loss 15.8252 |hm_loss 0.3796 |wh_loss 0.7613 |off_loss 0.2111 |id_loss 11.3849 |Data 0.002s(0.002s) |Net 0.457s
mot/custom_5vals_colors_all_30ep_repr2| train: [4][1500/1626]|Tot: 0:11:26 |ETA: 0:00:00 |loss 15.7903 |hm_loss 0.3789 |wh_loss 0.7598 |off_loss 0.2111 |id_loss 11.3842 |Data 0.002s(0.002s) |Net 0.457s
mot/custom_5vals_colors_all_30ep_repr2| train: [4][1600/1626]|Tot: 0:12:12 |ETA: 0:00:00 |loss 15.7578 |hm_loss 0.3790 |wh_loss 0.7599 |off_loss 0.2111 |id_loss 11.3838 |Data 0.002s(0.002s) |Net 0.457s
mot/custom_5vals_colors_all_30ep_repr2| val: [4][0/1000]|Tot: 0:00:00 |ETA: 0:00:00 |loss 24.9693 |hm_loss 0.4359 |wh_loss 1.0438 |off_loss 0.1845 |id_loss 12.7739 |Data 0.383s(0.383s) |Net 0.459s
mot/custom_5vals_colors_all_30ep_repr2| val: [4][100/1000]|Tot: 0:00:03 |ETA: 0:00:00 |loss 24.5748 |hm_loss 0.3732 |wh_loss 0.9173 |off_loss 0.2281 |id_loss 12.6808 |Data 0.002s(0.005s) |Net 0.039s
mot/custom_5vals_colors_all_30ep_repr2| val: [4][200/1000]|Tot: 0:00:07 |ETA: 0:00:00 |loss 24.8908 |hm_loss 0.4084 |wh_loss 0.9137 |off_loss 0.2238 |id_loss 12.7512 |Data 0.001s(0.003s) |Net 0.037s
mot/custom_5vals_colors_all_30ep_repr2| val: [4][300/1000]|Tot: 0:00:10 |ETA: 0:00:00 |loss 25.2721 |hm_loss 0.5043 |wh_loss 1.1719 |off_loss 0.2286 |id_loss 12.7806 |Data 0.001s(0.003s) |Net 0.036s
mot/custom_5vals_colors_all_30ep_repr2| val: [4][400/1000]|Tot: 0:00:14 |ETA: 0:00:00 |loss 25.5349 |hm_loss 0.5650 |wh_loss 1.2710 |off_loss 0.2316 |id_loss 12.8129 |Data 0.001s(0.002s) |Net 0.036s
mot/custom_5vals_colors_all_30ep_repr2| val: [4][500/1000]|Tot: 0:00:17 |ETA: 0:00:00 |loss 25.5563 |hm_loss 0.5386 |wh_loss 1.2343 |off_loss 0.2302 |id_loss 12.8719 |Data 0.001s(0.002s) |Net 0.036s
mot/custom_5vals_colors_all_30ep_repr2| val: [4][600/1000]|Tot: 0:00:21 |ETA: 0:00:00 |loss 25.6083 |hm_loss 0.5266 |wh_loss 1.2242 |off_loss 0.2300 |id_loss 12.9224 |Data 0.001s(0.002s) |Net 0.036s
mot/custom_5vals_colors_all_30ep_repr2| val: [4][700/1000]|Tot: 0:00:24 |ETA: 0:00:00 |loss 25.5100 |hm_loss 0.4935 |wh_loss 1.1692 |off_loss 0.2282 |id_loss 12.9249 |Data 0.001s(0.002s) |Net 0.035s
mot/custom_5vals_colors_all_30ep_repr2| val: [4][800/1000]|Tot: 0:00:28 |ETA: 0:00:00 |loss 25.5198 |hm_loss 0.4822 |wh_loss 1.1489 |off_loss 0.2280 |id_loss 12.9261 |Data 0.001s(0.002s) |Net 0.035s
mot/custom_5vals_colors_all_30ep_repr2| val: [4][900/1000]|Tot: 0:00:31 |ETA: 0:00:00 |loss 25.6531 |hm_loss 0.4749 |wh_loss 1.1170 |off_loss 0.2278 |id_loss 12.9903 |Data 0.001s(0.002s) |Net 0.035s
mot/custom_5vals_colors_all_30ep_repr2| train: [5][0/1626]|Tot: 0:00:01 |ETA: 0:00:00 |loss 14.7777 |hm_loss 0.2232 |wh_loss 0.6526 |off_loss 0.2079 |id_loss 11.2441 |Data 1.045s(1.045s) |Net 1.613s
mot/custom_5vals_colors_all_30ep_repr2| train: [5][100/1626]|Tot: 0:00:47 |ETA: 0:00:00 |loss 15.0350 |hm_loss 0.3701 |wh_loss 0.7639 |off_loss 0.2103 |id_loss 11.2942 |Data 0.002s(0.012s) |Net 0.468s
mot/custom_5vals_colors_all_30ep_repr2| train: [5][200/1626]|Tot: 0:01:32 |ETA: 0:00:00 |loss 14.9374 |hm_loss 0.3616 |wh_loss 0.7427 |off_loss 0.2090 |id_loss 11.2889 |Data 0.002s(0.007s) |Net 0.462s
mot/custom_5vals_colors_all_30ep_repr2| train: [5][300/1626]|Tot: 0:02:18 |ETA: 0:00:00 |loss 14.9047 |hm_loss 0.3584 |wh_loss 0.7468 |off_loss 0.2097 |id_loss 11.2899 |Data 0.002s(0.005s) |Net 0.460s
mot/custom_5vals_colors_all_30ep_repr2| train: [5][400/1626]|Tot: 0:03:04 |ETA: 0:00:00 |loss 14.8837 |hm_loss 0.3566 |wh_loss 0.7432 |off_loss 0.2092 |id_loss 11.2925 |Data 0.002s(0.004s) |Net 0.459s
mot/custom_5vals_colors_all_30ep_repr2| train: [5][500/1626]|Tot: 0:03:49 |ETA: 0:00:00 |loss 14.8402 |hm_loss 0.3542 |wh_loss 0.7341 |off_loss 0.2096 |id_loss 11.2864 |Data 0.002s(0.004s) |Net 0.459s
mot/custom_5vals_colors_all_30ep_repr2| train: [5][600/1626]|Tot: 0:04:35 |ETA: 0:00:00 |loss 14.8206 |hm_loss 0.3555 |wh_loss 0.7380 |off_loss 0.2100 |id_loss 11.2850 |Data 0.002s(0.003s) |Net 0.459s
mot/custom_5vals_colors_all_30ep_repr2| train: [5][700/1626]|Tot: 0:05:38 |ETA: 0:00:00 |loss 14.7914 |hm_loss 0.3545 |wh_loss 0.7340 |off_loss 0.2102 |id_loss 11.2854 |Data 0.002s(0.003s) |Net 0.483s
mot/custom_5vals_colors_all_30ep_repr2| train: [5][800/1626]|Tot: 0:06:41 |ETA: 0:00:00 |loss 14.7708 |hm_loss 0.3582 |wh_loss 0.7376 |off_loss 0.2098 |id_loss 11.2853 |Data 0.002s(0.003s) |Net 0.502s
mot/custom_5vals_colors_all_30ep_repr2| train: [5][900/1626]|Tot: 0:07:29 |ETA: 0:00:00 |loss 14.7523 |hm_loss 0.3600 |wh_loss 0.7406 |off_loss 0.2100 |id_loss 11.2845 |Data 0.002s(0.003s) |Net 0.499s
mot/custom_5vals_colors_all_30ep_repr2| train: [5][1000/1626]|Tot: 0:08:15 |ETA: 0:00:00 |loss 14.7324 |hm_loss 0.3622 |wh_loss 0.7435 |off_loss 0.2102 |id_loss 11.2830 |Data 0.002s(0.003s) |Net 0.495s
mot/custom_5vals_colors_all_30ep_repr2| train: [5][1100/1626]|Tot: 0:09:00 |ETA: 0:00:00 |loss 14.7086 |hm_loss 0.3634 |wh_loss 0.7458 |off_loss 0.2099 |id_loss 11.2830 |Data 0.002s(0.003s) |Net 0.491s
mot/custom_5vals_colors_all_30ep_repr2| train: [5][1200/1626]|Tot: 0:09:46 |ETA: 0:00:00 |loss 14.6750 |hm_loss 0.3613 |wh_loss 0.7413 |off_loss 0.2098 |id_loss 11.2842 |Data 0.002s(0.003s) |Net 0.488s
mot/custom_5vals_colors_all_30ep_repr2| train: [5][1300/1626]|Tot: 0:10:32 |ETA: 0:00:00 |loss 14.6526 |hm_loss 0.3622 |wh_loss 0.7428 |off_loss 0.2099 |id_loss 11.2844 |Data 0.002s(0.003s) |Net 0.486s
mot/custom_5vals_colors_all_30ep_repr2| train: [5][1400/1626]|Tot: 0:11:17 |ETA: 0:00:00 |loss 14.6265 |hm_loss 0.3622 |wh_loss 0.7436 |off_loss 0.2099 |id_loss 11.2831 |Data 0.002s(0.003s) |Net 0.484s
mot/custom_5vals_colors_all_30ep_repr2| train: [5][1500/1626]|Tot: 0:12:03 |ETA: 0:00:00 |loss 14.5947 |hm_loss 0.3611 |wh_loss 0.7425 |off_loss 0.2097 |id_loss 11.2824 |Data 0.002s(0.003s) |Net 0.482s
mot/custom_5vals_colors_all_30ep_repr2| train: [5][1600/1626]|Tot: 0:12:49 |ETA: 0:00:00 |loss 14.5645 |hm_loss 0.3595 |wh_loss 0.7410 |off_loss 0.2097 |id_loss 11.2821 |Data 0.002s(0.003s) |Net 0.480s
mot/custom_5vals_colors_all_30ep_repr2| val: [5][0/1000]|Tot: 0:00:00 |ETA: 0:00:00 |loss 24.9919 |hm_loss 0.3980 |wh_loss 0.9677 |off_loss 0.1899 |id_loss 13.0051 |Data 0.353s(0.353s) |Net 0.463s
mot/custom_5vals_colors_all_30ep_repr2| val: [5][100/1000]|Tot: 0:00:04 |ETA: 0:00:00 |loss 24.7304 |hm_loss 0.3587 |wh_loss 0.8705 |off_loss 0.2286 |id_loss 12.9665 |Data 0.002s(0.005s) |Net 0.040s
mot/custom_5vals_colors_all_30ep_repr2| val: [5][200/1000]|Tot: 0:00:07 |ETA: 0:00:00 |loss 25.0133 |hm_loss 0.3856 |wh_loss 0.8665 |off_loss 0.2239 |id_loss 13.0425 |Data 0.001s(0.003s) |Net 0.037s
mot/custom_5vals_colors_all_30ep_repr2| val: [5][300/1000]|Tot: 0:00:10 |ETA: 0:00:00 |loss 25.4757 |hm_loss 0.4876 |wh_loss 1.2405 |off_loss 0.2289 |id_loss 13.1013 |Data 0.001s(0.003s) |Net 0.036s
mot/custom_5vals_colors_all_30ep_repr2| val: [5][400/1000]|Tot: 0:00:14 |ETA: 0:00:00 |loss 25.7647 |hm_loss 0.5575 |wh_loss 1.3845 |off_loss 0.2319 |id_loss 13.1485 |Data 0.001s(0.002s) |Net 0.036s
mot/custom_5vals_colors_all_30ep_repr2| val: [5][500/1000]|Tot: 0:00:18 |ETA: 0:00:00 |loss 25.7725 |hm_loss 0.5318 |wh_loss 1.2965 |off_loss 0.2303 |id_loss 13.2337 |Data 0.001s(0.002s) |Net 0.036s
mot/custom_5vals_colors_all_30ep_repr2| val: [5][600/1000]|Tot: 0:00:21 |ETA: 0:00:00 |loss 25.7869 |hm_loss 0.5195 |wh_loss 1.2556 |off_loss 0.2301 |id_loss 13.2914 |Data 0.001s(0.002s) |Net 0.036s
mot/custom_5vals_colors_all_30ep_repr2| val: [5][700/1000]|Tot: 0:00:25 |ETA: 0:00:00 |loss 25.7152 |hm_loss 0.4863 |wh_loss 1.1751 |off_loss 0.2284 |id_loss 13.2947 |Data 0.001s(0.002s) |Net 0.036s
mot/custom_5vals_colors_all_30ep_repr2| val: [5][800/1000]|Tot: 0:00:28 |ETA: 0:00:00 |loss 25.7525 |hm_loss 0.4761 |wh_loss 1.1378 |off_loss 0.2283 |id_loss 13.2976 |Data 0.001s(0.002s) |Net 0.036s
mot/custom_5vals_colors_all_30ep_repr2| val: [5][900/1000]|Tot: 0:00:31 |ETA: 0:00:00 |loss 25.8805 |hm_loss 0.4689 |wh_loss 1.1204 |off_loss 0.2281 |id_loss 13.3642 |Data 0.001s(0.002s) |Net 0.035s
mot/custom_5vals_colors_all_30ep_repr2| train: [6][0/1626]|Tot: 0:00:01 |ETA: 0:00:00 |loss 13.6262 |hm_loss 0.2192 |wh_loss 0.4610 |off_loss 0.2244 |id_loss 11.2449 |Data 1.137s(1.137s) |Net 1.805s
mot/custom_5vals_colors_all_30ep_repr2| train: [6][100/1626]|Tot: 0:00:47 |ETA: 0:00:00 |loss 13.8795 |hm_loss 0.3410 |wh_loss 0.7091 |off_loss 0.2062 |id_loss 11.1665 |Data 0.002s(0.013s) |Net 0.470s
mot/custom_5vals_colors_all_30ep_repr2| train: [6][200/1626]|Tot: 0:01:33 |ETA: 0:00:00 |loss 13.8617 |hm_loss 0.3444 |wh_loss 0.7280 |off_loss 0.2073 |id_loss 11.1669 |Data 0.002s(0.007s) |Net 0.464s
mot/custom_5vals_colors_all_30ep_repr2| train: [6][300/1626]|Tot: 0:02:18 |ETA: 0:00:00 |loss 13.8347 |hm_loss 0.3440 |wh_loss 0.7327 |off_loss 0.2077 |id_loss 11.1711 |Data 0.002s(0.005s) |Net 0.461s
mot/custom_5vals_colors_all_30ep_repr2| train: [6][400/1626]|Tot: 0:03:04 |ETA: 0:00:00 |loss 13.8201 |hm_loss 0.3456 |wh_loss 0.7336 |off_loss 0.2085 |id_loss 11.1678 |Data 0.002s(0.005s) |Net 0.460s
mot/custom_5vals_colors_all_30ep_repr2| train: [6][500/1626]|Tot: 0:03:50 |ETA: 0:00:00 |loss 13.8142 |hm_loss 0.3441 |wh_loss 0.7276 |off_loss 0.2083 |id_loss 11.1760 |Data 0.002s(0.004s) |Net 0.459s
mot/custom_5vals_colors_all_30ep_repr2| train: [6][600/1626]|Tot: 0:04:35 |ETA: 0:00:00 |loss 13.7861 |hm_loss 0.3411 |wh_loss 0.7241 |off_loss 0.2087 |id_loss 11.1770 |Data 0.002s(0.004s) |Net 0.459s
mot/custom_5vals_colors_all_30ep_repr2| train: [6][700/1626]|Tot: 0:05:21 |ETA: 0:00:00 |loss 13.7654 |hm_loss 0.3409 |wh_loss 0.7239 |off_loss 0.2089 |id_loss 11.1803 |Data 0.002s(0.003s) |Net 0.459s
mot/custom_5vals_colors_all_30ep_repr2| train: [6][800/1626]|Tot: 0:06:07 |ETA: 0:00:00 |loss 13.7455 |hm_loss 0.3411 |wh_loss 0.7193 |off_loss 0.2089 |id_loss 11.1818 |Data 0.002s(0.003s) |Net 0.458s
mot/custom_5vals_colors_all_30ep_repr2| train: [6][900/1626]|Tot: 0:06:52 |ETA: 0:00:00 |loss 13.7311 |hm_loss 0.3426 |wh_loss 0.7166 |off_loss 0.2092 |id_loss 11.1817 |Data 0.002s(0.003s) |Net 0.458s
mot/custom_5vals_colors_all_30ep_repr2| train: [6][1000/1626]|Tot: 0:07:38 |ETA: 0:00:00 |loss 13.7083 |hm_loss 0.3412 |wh_loss 0.7157 |off_loss 0.2092 |id_loss 11.1807 |Data 0.002s(0.003s) |Net 0.458s
mot/custom_5vals_colors_all_30ep_repr2| train: [6][1100/1626]|Tot: 0:08:24 |ETA: 0:00:00 |loss 13.6896 |hm_loss 0.3423 |wh_loss 0.7171 |off_loss 0.2093 |id_loss 11.1800 |Data 0.002s(0.003s) |Net 0.458s
mot/custom_5vals_colors_all_30ep_repr2| train: [6][1200/1626]|Tot: 0:09:09 |ETA: 0:00:00 |loss 13.6645 |hm_loss 0.3422 |wh_loss 0.7181 |off_loss 0.2091 |id_loss 11.1783 |Data 0.002s(0.003s) |Net 0.458s
mot/custom_5vals_colors_all_30ep_repr2| train: [6][1300/1626]|Tot: 0:09:55 |ETA: 0:00:00 |loss 13.6479 |hm_loss 0.3430 |wh_loss 0.7173 |off_loss 0.2089 |id_loss 11.1786 |Data 0.002s(0.003s) |Net 0.458s
mot/custom_5vals_colors_all_30ep_repr2| train: [6][1400/1626]|Tot: 0:10:40 |ETA: 0:00:00 |loss 13.6254 |hm_loss 0.3429 |wh_loss 0.7158 |off_loss 0.2087 |id_loss 11.1784 |Data 0.002s(0.002s) |Net 0.457s
mot/custom_5vals_colors_all_30ep_repr2| train: [6][1500/1626]|Tot: 0:11:26 |ETA: 0:00:00 |loss 13.6025 |hm_loss 0.3432 |wh_loss 0.7146 |off_loss 0.2085 |id_loss 11.1781 |Data 0.002s(0.002s) |Net 0.457s
mot/custom_5vals_colors_all_30ep_repr2| train: [6][1600/1626]|Tot: 0:12:12 |ETA: 0:00:00 |loss 13.5796 |hm_loss 0.3425 |wh_loss 0.7150 |off_loss 0.2087 |id_loss 11.1769 |Data 0.002s(0.002s) |Net 0.457s
mot/custom_5vals_colors_all_30ep_repr2| val: [6][0/1000]|Tot: 0:00:00 |ETA: 0:00:00 |loss 25.1472 |hm_loss 0.4967 |wh_loss 1.1674 |off_loss 0.1931 |id_loss 13.1675 |Data 0.334s(0.334s) |Net 0.439s
mot/custom_5vals_colors_all_30ep_repr2| val: [6][100/1000]|Tot: 0:00:04 |ETA: 0:00:00 |loss 24.7793 |hm_loss 0.3642 |wh_loss 0.9838 |off_loss 0.2281 |id_loss 13.2001 |Data 0.001s(0.005s) |Net 0.040s
mot/custom_5vals_colors_all_30ep_repr2| val: [6][200/1000]|Tot: 0:00:07 |ETA: 0:00:00 |loss 25.0590 |hm_loss 0.3865 |wh_loss 0.9676 |off_loss 0.2240 |id_loss 13.2784 |Data 0.001s(0.003s) |Net 0.038s
mot/custom_5vals_colors_all_30ep_repr2| val: [6][300/1000]|Tot: 0:00:11 |ETA: 0:00:00 |loss 25.5061 |hm_loss 0.4870 |wh_loss 1.2565 |off_loss 0.2286 |id_loss 13.3874 |Data 0.001s(0.003s) |Net 0.037s
mot/custom_5vals_colors_all_30ep_repr2| val: [6][400/1000]|Tot: 0:00:14 |ETA: 0:00:00 |loss 25.7570 |hm_loss 0.5531 |wh_loss 1.3732 |off_loss 0.2314 |id_loss 13.4497 |Data 0.001s(0.002s) |Net 0.037s
mot/custom_5vals_colors_all_30ep_repr2| val: [6][500/1000]|Tot: 0:00:18 |ETA: 0:00:00 |loss 25.8813 |hm_loss 0.5267 |wh_loss 1.3081 |off_loss 0.2301 |id_loss 13.5781 |Data 0.001s(0.002s) |Net 0.036s
mot/custom_5vals_colors_all_30ep_repr2| val: [6][600/1000]|Tot: 0:00:21 |ETA: 0:00:00 |loss 25.9345 |hm_loss 0.5133 |wh_loss 1.2727 |off_loss 0.2298 |id_loss 13.6492 |Data 0.001s(0.002s) |Net 0.036s
mot/custom_5vals_colors_all_30ep_repr2| val: [6][700/1000]|Tot: 0:00:25 |ETA: 0:00:00 |loss 25.8522 |hm_loss 0.4811 |wh_loss 1.2018 |off_loss 0.2283 |id_loss 13.6418 |Data 0.001s(0.002s) |Net 0.036s
mot/custom_5vals_colors_all_30ep_repr2| val: [6][800/1000]|Tot: 0:00:28 |ETA: 0:00:00 |loss 25.8757 |hm_loss 0.4700 |wh_loss 1.1663 |off_loss 0.2282 |id_loss 13.6326 |Data 0.001s(0.002s) |Net 0.036s
mot/custom_5vals_colors_all_30ep_repr2| val: [6][900/1000]|Tot: 0:00:32 |ETA: 0:00:00 |loss 26.0059 |hm_loss 0.4619 |wh_loss 1.1365 |off_loss 0.2279 |id_loss 13.7119 |Data 0.001s(0.002s) |Net 0.036s
mot/custom_5vals_colors_all_30ep_repr2| train: [7][0/1626]|Tot: 0:00:01 |ETA: 0:00:00 |loss 13.1883 |hm_loss 0.3809 |wh_loss 0.6337 |off_loss 0.1739 |id_loss 11.1068 |Data 1.001s(1.001s) |Net 1.566s
mot/custom_5vals_colors_all_30ep_repr2| train: [7][100/1626]|Tot: 0:00:47 |ETA: 0:00:00 |loss 13.1042 |hm_loss 0.3452 |wh_loss 0.7415 |off_loss 0.2084 |id_loss 11.0688 |Data 0.002s(0.012s) |Net 0.468s
mot/custom_5vals_colors_all_30ep_repr2| train: [7][200/1626]|Tot: 0:01:32 |ETA: 0:00:00 |loss 13.0306 |hm_loss 0.3353 |wh_loss 0.7169 |off_loss 0.2092 |id_loss 11.0760 |Data 0.002s(0.007s) |Net 0.462s
mot/custom_5vals_colors_all_30ep_repr2| train: [7][300/1626]|Tot: 0:02:18 |ETA: 0:00:00 |loss 13.0091 |hm_loss 0.3317 |wh_loss 0.7027 |off_loss 0.2096 |id_loss 11.0764 |Data 0.002s(0.005s) |Net 0.461s
mot/custom_5vals_colors_all_30ep_repr2| train: [7][400/1626]|Tot: 0:03:04 |ETA: 0:00:00 |loss 12.9882 |hm_loss 0.3322 |wh_loss 0.7061 |off_loss 0.2092 |id_loss 11.0771 |Data 0.002s(0.004s) |Net 0.460s
mot/custom_5vals_colors_all_30ep_repr2| train: [7][500/1626]|Tot: 0:03:49 |ETA: 0:00:00 |loss 12.9721 |hm_loss 0.3320 |wh_loss 0.7054 |off_loss 0.2090 |id_loss 11.0774 |Data 0.002s(0.004s) |Net 0.459s
mot/custom_5vals_colors_all_30ep_repr2| train: [7][600/1626]|Tot: 0:04:35 |ETA: 0:00:00 |loss 12.9586 |hm_loss 0.3323 |wh_loss 0.7051 |off_loss 0.2090 |id_loss 11.0790 |Data 0.002s(0.003s) |Net 0.458s
mot/custom_5vals_colors_all_30ep_repr2| train: [7][700/1626]|Tot: 0:05:21 |ETA: 0:00:00 |loss 12.9409 |hm_loss 0.3349 |wh_loss 0.7075 |off_loss 0.2095 |id_loss 11.0770 |Data 0.002s(0.003s) |Net 0.458s
mot/custom_5vals_colors_all_30ep_repr2| train: [7][800/1626]|Tot: 0:06:06 |ETA: 0:00:00 |loss 12.9168 |hm_loss 0.3346 |wh_loss 0.7096 |off_loss 0.2093 |id_loss 11.0774 |Data 0.002s(0.003s) |Net 0.458s
mot/custom_5vals_colors_all_30ep_repr2| train: [7][900/1626]|Tot: 0:06:52 |ETA: 0:00:00 |loss 12.8965 |hm_loss 0.3360 |wh_loss 0.7088 |off_loss 0.2090 |id_loss 11.0738 |Data 0.002s(0.003s) |Net 0.458s
mot/custom_5vals_colors_all_30ep_repr2| train: [7][1000/1626]|Tot: 0:07:38 |ETA: 0:00:00 |loss 12.8691 |hm_loss 0.3340 |wh_loss 0.7059 |off_loss 0.2086 |id_loss 11.0736 |Data 0.002s(0.003s) |Net 0.458s
mot/custom_5vals_colors_all_30ep_repr2| train: [7][1100/1626]|Tot: 0:08:23 |ETA: 0:00:00 |loss 12.8504 |hm_loss 0.3329 |wh_loss 0.7058 |off_loss 0.2084 |id_loss 11.0741 |Data 0.002s(0.003s) |Net 0.458s
mot/custom_5vals_colors_all_30ep_repr2| train: [7][1200/1626]|Tot: 0:09:09 |ETA: 0:00:00 |loss 12.8351 |hm_loss 0.3324 |wh_loss 0.7035 |off_loss 0.2084 |id_loss 11.0766 |Data 0.002s(0.003s) |Net 0.458s
mot/custom_5vals_colors_all_30ep_repr2| train: [7][1300/1626]|Tot: 0:09:55 |ETA: 0:00:00 |loss 12.8177 |hm_loss 0.3324 |wh_loss 0.7046 |off_loss 0.2085 |id_loss 11.0767 |Data 0.002s(0.002s) |Net 0.457s
mot/custom_5vals_colors_all_30ep_repr2| train: [7][1400/1626]|Tot: 0:10:40 |ETA: 0:00:00 |loss 12.7987 |hm_loss 0.3326 |wh_loss 0.7054 |off_loss 0.2085 |id_loss 11.0747 |Data 0.002s(0.002s) |Net 0.457s
mot/custom_5vals_colors_all_30ep_repr2| train: [7][1500/1626]|Tot: 0:11:26 |ETA: 0:00:00 |loss 12.7785 |hm_loss 0.3329 |wh_loss 0.7045 |off_loss 0.2087 |id_loss 11.0744 |Data 0.002s(0.002s) |Net 0.457s
mot/custom_5vals_colors_all_30ep_repr2| train: [7][1600/1626]|Tot: 0:12:12 |ETA: 0:00:00 |loss 12.7551 |hm_loss 0.3323 |wh_loss 0.7036 |off_loss 0.2088 |id_loss 11.0724 |Data 0.002s(0.002s) |Net 0.457s
mot/custom_5vals_colors_all_30ep_repr2| val: [7][0/1000]|Tot: 0:00:00 |ETA: 0:00:00 |loss 24.9481 |hm_loss 0.4373 |wh_loss 1.0668 |off_loss 0.1975 |id_loss 13.3911 |Data 0.325s(0.325s) |Net 0.439s
mot/custom_5vals_colors_all_30ep_repr2| val: [7][100/1000]|Tot: 0:00:04 |ETA: 0:00:00 |loss 24.9281 |hm_loss 0.3650 |wh_loss 0.9648 |off_loss 0.2282 |id_loss 13.4712 |Data 0.001s(0.005s) |Net 0.040s
mot/custom_5vals_colors_all_30ep_repr2| val: [7][200/1000]|Tot: 0:00:07 |ETA: 0:00:00 |loss 25.1991 |hm_loss 0.3879 |wh_loss 0.9529 |off_loss 0.2244 |id_loss 13.5470 |Data 0.001s(0.003s) |Net 0.037s
mot/custom_5vals_colors_all_30ep_repr2| val: [7][300/1000]|Tot: 0:00:11 |ETA: 0:00:00 |loss 25.6452 |hm_loss 0.4911 |wh_loss 1.3039 |off_loss 0.2292 |id_loss 13.6753 |Data 0.001s(0.003s) |Net 0.037s
mot/custom_5vals_colors_all_30ep_repr2| val: [7][400/1000]|Tot: 0:00:14 |ETA: 0:00:00 |loss 25.8397 |hm_loss 0.5561 |wh_loss 1.4469 |off_loss 0.2320 |id_loss 13.7290 |Data 0.002s(0.002s) |Net 0.036s
mot/custom_5vals_colors_all_30ep_repr2| val: [7][500/1000]|Tot: 0:00:17 |ETA: 0:00:00 |loss 26.0323 |hm_loss 0.5294 |wh_loss 1.3408 |off_loss 0.2304 |id_loss 13.8883 |Data 0.001s(0.002s) |Net 0.036s
mot/custom_5vals_colors_all_30ep_repr2| val: [7][600/1000]|Tot: 0:00:21 |ETA: 0:00:00 |loss 26.1147 |hm_loss 0.5145 |wh_loss 1.2813 |off_loss 0.2299 |id_loss 13.9771 |Data 0.001s(0.002s) |Net 0.035s
mot/custom_5vals_colors_all_30ep_repr2| val: [7][700/1000]|Tot: 0:00:24 |ETA: 0:00:00 |loss 26.0042 |hm_loss 0.4808 |wh_loss 1.1968 |off_loss 0.2280 |id_loss 13.9681 |Data 0.001s(0.002s) |Net 0.035s
mot/custom_5vals_colors_all_30ep_repr2| val: [7][800/1000]|Tot: 0:00:28 |ETA: 0:00:00 |loss 25.9967 |hm_loss 0.4697 |wh_loss 1.1527 |off_loss 0.2277 |id_loss 13.9542 |Data 0.001s(0.002s) |Net 0.035s
mot/custom_5vals_colors_all_30ep_repr2| val: [7][900/1000]|Tot: 0:00:31 |ETA: 0:00:00 |loss 26.1304 |hm_loss 0.4620 |wh_loss 1.1297 |off_loss 0.2278 |id_loss 14.0381 |Data 0.001s(0.002s) |Net 0.035s
mot/custom_5vals_colors_all_30ep_repr2| train: [8][0/1626]|Tot: 0:00:01 |ETA: 0:00:00 |loss 12.2971 |hm_loss 0.3296 |wh_loss 0.5543 |off_loss 0.1578 |id_loss 11.0404 |Data 0.879s(0.879s) |Net 1.468s
mot/custom_5vals_colors_all_30ep_repr2| train: [8][100/1626]|Tot: 0:00:47 |ETA: 0:00:00 |loss 12.2294 |hm_loss 0.3198 |wh_loss 0.6712 |off_loss 0.2054 |id_loss 10.9684 |Data 0.002s(0.010s) |Net 0.467s
mot/custom_5vals_colors_all_30ep_repr2| train: [8][200/1626]|Tot: 0:01:32 |ETA: 0:00:00 |loss 12.2809 |hm_loss 0.3339 |wh_loss 0.6964 |off_loss 0.2084 |id_loss 10.9697 |Data 0.002s(0.006s) |Net 0.461s
mot/custom_5vals_colors_all_30ep_repr2| train: [8][300/1626]|Tot: 0:02:18 |ETA: 0:00:00 |loss 12.2476 |hm_loss 0.3293 |wh_loss 0.6926 |off_loss 0.2081 |id_loss 10.9753 |Data 0.002s(0.005s) |Net 0.460s
mot/custom_5vals_colors_all_30ep_repr2| train: [8][400/1626]|Tot: 0:03:04 |ETA: 0:00:00 |loss 12.2389 |hm_loss 0.3290 |wh_loss 0.7012 |off_loss 0.2076 |id_loss 10.9752 |Data 0.002s(0.004s) |Net 0.459s
mot/custom_5vals_colors_all_30ep_repr2| train: [8][500/1626]|Tot: 0:03:49 |ETA: 0:00:00 |loss 12.2097 |hm_loss 0.3279 |wh_loss 0.6926 |off_loss 0.2074 |id_loss 10.9727 |Data 0.002s(0.003s) |Net 0.459s
mot/custom_5vals_colors_all_30ep_repr2| train: [8][600/1626]|Tot: 0:04:35 |ETA: 0:00:00 |loss 12.1899 |hm_loss 0.3270 |wh_loss 0.6905 |off_loss 0.2076 |id_loss 10.9719 |Data 0.002s(0.003s) |Net 0.458s
mot/custom_5vals_colors_all_30ep_repr2| train: [8][700/1626]|Tot: 0:05:21 |ETA: 0:00:00 |loss 12.1751 |hm_loss 0.3256 |wh_loss 0.6946 |off_loss 0.2077 |id_loss 10.9721 |Data 0.002s(0.003s) |Net 0.458s
mot/custom_5vals_colors_all_30ep_repr2| train: [8][800/1626]|Tot: 0:06:06 |ETA: 0:00:00 |loss 12.1589 |hm_loss 0.3255 |wh_loss 0.6972 |off_loss 0.2074 |id_loss 10.9727 |Data 0.002s(0.003s) |Net 0.458s
mot/custom_5vals_colors_all_30ep_repr2| train: [8][900/1626]|Tot: 0:06:52 |ETA: 0:00:00 |loss 12.1343 |hm_loss 0.3244 |wh_loss 0.6960 |off_loss 0.2072 |id_loss 10.9720 |Data 0.002s(0.003s) |Net 0.458s
mot/custom_5vals_colors_all_30ep_repr2| train: [8][1000/1626]|Tot: 0:07:38 |ETA: 0:00:00 |loss 12.1143 |hm_loss 0.3227 |wh_loss 0.6963 |off_loss 0.2071 |id_loss 10.9726 |Data 0.002s(0.003s) |Net 0.458s
mot/custom_5vals_colors_all_30ep_repr2| train: [8][1100/1626]|Tot: 0:08:23 |ETA: 0:00:00 |loss 12.0970 |hm_loss 0.3228 |wh_loss 0.6957 |off_loss 0.2072 |id_loss 10.9720 |Data 0.002s(0.002s) |Net 0.458s
mot/custom_5vals_colors_all_30ep_repr2| train: [8][1200/1626]|Tot: 0:09:09 |ETA: 0:00:00 |loss 12.0782 |hm_loss 0.3226 |wh_loss 0.6947 |off_loss 0.2072 |id_loss 10.9698 |Data 0.002s(0.002s) |Net 0.458s
mot/custom_5vals_colors_all_30ep_repr2| train: [8][1300/1626]|Tot: 0:09:55 |ETA: 0:00:00 |loss 12.0579 |hm_loss 0.3217 |wh_loss 0.6933 |off_loss 0.2073 |id_loss 10.9680 |Data 0.002s(0.002s) |Net 0.458s
mot/custom_5vals_colors_all_30ep_repr2| train: [8][1400/1626]|Tot: 0:10:40 |ETA: 0:00:00 |loss 12.0418 |hm_loss 0.3208 |wh_loss 0.6933 |off_loss 0.2074 |id_loss 10.9681 |Data 0.002s(0.002s) |Net 0.457s
mot/custom_5vals_colors_all_30ep_repr2| train: [8][1500/1626]|Tot: 0:11:26 |ETA: 0:00:00 |loss 12.0245 |hm_loss 0.3204 |wh_loss 0.6931 |off_loss 0.2074 |id_loss 10.9690 |Data 0.002s(0.002s) |Net 0.457s
mot/custom_5vals_colors_all_30ep_repr2| train: [8][1600/1626]|Tot: 0:12:12 |ETA: 0:00:00 |loss 12.0058 |hm_loss 0.3202 |wh_loss 0.6929 |off_loss 0.2072 |id_loss 10.9686 |Data 0.002s(0.002s) |Net 0.457s
mot/custom_5vals_colors_all_30ep_repr2| val: [8][0/1000]|Tot: 0:00:00 |ETA: 0:00:00 |loss 25.4769 |hm_loss 0.5031 |wh_loss 1.0774 |off_loss 0.2055 |id_loss 13.6745 |Data 0.423s(0.423s) |Net 0.489s
mot/custom_5vals_colors_all_30ep_repr2| val: [8][100/1000]|Tot: 0:00:03 |ETA: 0:00:00 |loss 25.4736 |hm_loss 0.3630 |wh_loss 0.9635 |off_loss 0.2293 |id_loss 13.8195 |Data 0.001s(0.006s) |Net 0.039s
mot/custom_5vals_colors_all_30ep_repr2| val: [8][200/1000]|Tot: 0:00:07 |ETA: 0:00:00 |loss 25.7327 |hm_loss 0.3870 |wh_loss 0.9443 |off_loss 0.2259 |id_loss 13.9073 |Data 0.001s(0.004s) |Net 0.037s
mot/custom_5vals_colors_all_30ep_repr2| val: [8][300/1000]|Tot: 0:00:10 |ETA: 0:00:00 |loss 26.0038 |hm_loss 0.5029 |wh_loss 1.3077 |off_loss 0.2306 |id_loss 13.9876 |Data 0.001s(0.003s) |Net 0.036s
mot/custom_5vals_colors_all_30ep_repr2| val: [8][400/1000]|Tot: 0:00:14 |ETA: 0:00:00 |loss 26.0817 |hm_loss 0.5661 |wh_loss 1.4601 |off_loss 0.2331 |id_loss 14.0175 |Data 0.001s(0.002s) |Net 0.036s
mot/custom_5vals_colors_all_30ep_repr2| val: [8][500/1000]|Tot: 0:00:17 |ETA: 0:00:00 |loss 26.2774 |hm_loss 0.5336 |wh_loss 1.3439 |off_loss 0.2311 |id_loss 14.1817 |Data 0.001s(0.002s) |Net 0.036s
mot/custom_5vals_colors_all_30ep_repr2| val: [8][600/1000]|Tot: 0:00:21 |ETA: 0:00:00 |loss 26.3378 |hm_loss 0.5145 |wh_loss 1.2754 |off_loss 0.2302 |id_loss 14.2624 |Data 0.001s(0.002s) |Net 0.036s
mot/custom_5vals_colors_all_30ep_repr2| val: [8][700/1000]|Tot: 0:00:24 |ETA: 0:00:00 |loss 26.1414 |hm_loss 0.4800 |wh_loss 1.1893 |off_loss 0.2281 |id_loss 14.2179 |Data 0.002s(0.002s) |Net 0.035s
mot/custom_5vals_colors_all_30ep_repr2| val: [8][800/1000]|Tot: 0:00:28 |ETA: 0:00:00 |loss 26.0649 |hm_loss 0.4680 |wh_loss 1.1431 |off_loss 0.2278 |id_loss 14.1732 |Data 0.001s(0.002s) |Net 0.035s
mot/custom_5vals_colors_all_30ep_repr2| val: [8][900/1000]|Tot: 0:00:31 |ETA: 0:00:00 |loss 26.1986 |hm_loss 0.4613 |wh_loss 1.1241 |off_loss 0.2280 |id_loss 14.2667 |Data 0.001s(0.002s) |Net 0.035s
mot/custom_5vals_colors_all_30ep_repr2| train: [9][0/1626]|Tot: 0:00:01 |ETA: 0:00:00 |loss 11.9256 |hm_loss 0.3334 |wh_loss 0.7735 |off_loss 0.2131 |id_loss 11.2960 |Data 1.007s(1.007s) |Net 1.578s
mot/custom_5vals_colors_all_30ep_repr2| train: [9][100/1626]|Tot: 0:00:47 |ETA: 0:00:00 |loss 11.5970 |hm_loss 0.3241 |wh_loss 0.6997 |off_loss 0.2070 |id_loss 10.8486 |Data 0.002s(0.012s) |Net 0.468s
mot/custom_5vals_colors_all_30ep_repr2| train: [9][200/1626]|Tot: 0:01:32 |ETA: 0:00:00 |loss 11.5771 |hm_loss 0.3179 |wh_loss 0.6932 |off_loss 0.2091 |id_loss 10.8631 |Data 0.002s(0.007s) |Net 0.462s
mot/custom_5vals_colors_all_30ep_repr2| train: [9][300/1626]|Tot: 0:02:18 |ETA: 0:00:00 |loss 11.5566 |hm_loss 0.3176 |wh_loss 0.6920 |off_loss 0.2088 |id_loss 10.8616 |Data 0.002s(0.005s) |Net 0.460s
mot/custom_5vals_colors_all_30ep_repr2| train: [9][400/1626]|Tot: 0:03:04 |ETA: 0:00:00 |loss 11.5452 |hm_loss 0.3169 |wh_loss 0.6874 |off_loss 0.2079 |id_loss 10.8650 |Data 0.002s(0.004s) |Net 0.459s
mot/custom_5vals_colors_all_30ep_repr2| train: [9][500/1626]|Tot: 0:03:49 |ETA: 0:00:00 |loss 11.5343 |hm_loss 0.3174 |wh_loss 0.6826 |off_loss 0.2071 |id_loss 10.8681 |Data 0.002s(0.004s) |Net 0.459s
mot/custom_5vals_colors_all_30ep_repr2| train: [9][600/1626]|Tot: 0:04:35 |ETA: 0:00:00 |loss 11.5104 |hm_loss 0.3134 |wh_loss 0.6842 |off_loss 0.2074 |id_loss 10.8688 |Data 0.002s(0.003s) |Net 0.458s
mot/custom_5vals_colors_all_30ep_repr2| train: [9][700/1626]|Tot: 0:05:21 |ETA: 0:00:00 |loss 11.4919 |hm_loss 0.3127 |wh_loss 0.6829 |off_loss 0.2075 |id_loss 10.8682 |Data 0.002s(0.003s) |Net 0.458s
mot/custom_5vals_colors_all_30ep_repr2| train: [9][800/1626]|Tot: 0:06:06 |ETA: 0:00:00 |loss 11.4758 |hm_loss 0.3118 |wh_loss 0.6828 |off_loss 0.2077 |id_loss 10.8706 |Data 0.002s(0.003s) |Net 0.458s
mot/custom_5vals_colors_all_30ep_repr2| train: [9][900/1626]|Tot: 0:06:52 |ETA: 0:00:00 |loss 11.4545 |hm_loss 0.3106 |wh_loss 0.6825 |off_loss 0.2077 |id_loss 10.8691 |Data 0.002s(0.003s) |Net 0.458s
mot/custom_5vals_colors_all_30ep_repr2| train: [9][1000/1626]|Tot: 0:07:38 |ETA: 0:00:00 |loss 11.4422 |hm_loss 0.3120 |wh_loss 0.6863 |off_loss 0.2079 |id_loss 10.8665 |Data 0.002s(0.003s) |Net 0.458s
mot/custom_5vals_colors_all_30ep_repr2| train: [9][1100/1626]|Tot: 0:08:23 |ETA: 0:00:00 |loss 11.4239 |hm_loss 0.3117 |wh_loss 0.6871 |off_loss 0.2078 |id_loss 10.8666 |Data 0.002s(0.003s) |Net 0.457s
mot/custom_5vals_colors_all_30ep_repr2| train: [9][1200/1626]|Tot: 0:09:09 |ETA: 0:00:00 |loss 11.4035 |hm_loss 0.3104 |wh_loss 0.6840 |off_loss 0.2075 |id_loss 10.8664 |Data 0.002s(0.003s) |Net 0.457s
mot/custom_5vals_colors_all_30ep_repr2| train: [9][1300/1626]|Tot: 0:09:55 |ETA: 0:00:00 |loss 11.3840 |hm_loss 0.3093 |wh_loss 0.6829 |off_loss 0.2073 |id_loss 10.8657 |Data 0.002s(0.002s) |Net 0.457s
mot/custom_5vals_colors_all_30ep_repr2| train: [9][1400/1626]|Tot: 0:10:40 |ETA: 0:00:00 |loss 11.3676 |hm_loss 0.3102 |wh_loss 0.6809 |off_loss 0.2072 |id_loss 10.8638 |Data 0.002s(0.002s) |Net 0.457s
mot/custom_5vals_colors_all_30ep_repr2| train: [9][1500/1626]|Tot: 0:11:26 |ETA: 0:00:00 |loss 11.3588 |hm_loss 0.3122 |wh_loss 0.6826 |off_loss 0.2072 |id_loss 10.8644 |Data 0.002s(0.002s) |Net 0.457s
mot/custom_5vals_colors_all_30ep_repr2| train: [9][1600/1626]|Tot: 0:12:11 |ETA: 0:00:00 |loss 11.3428 |hm_loss 0.3121 |wh_loss 0.6809 |off_loss 0.2072 |id_loss 10.8642 |Data 0.002s(0.002s) |Net 0.457s
mot/custom_5vals_colors_all_30ep_repr2| val: [9][0/1000]|Tot: 0:00:00 |ETA: 0:00:00 |loss 25.7284 |hm_loss 0.4685 |wh_loss 1.1490 |off_loss 0.2012 |id_loss 13.8254 |Data 0.333s(0.333s) |Net 0.449s
mot/custom_5vals_colors_all_30ep_repr2| val: [9][100/1000]|Tot: 0:00:04 |ETA: 0:00:00 |loss 26.0038 |hm_loss 0.3620 |wh_loss 1.0608 |off_loss 0.2286 |id_loss 14.0516 |Data 0.001s(0.005s) |Net 0.040s
mot/custom_5vals_colors_all_30ep_repr2| val: [9][200/1000]|Tot: 0:00:07 |ETA: 0:00:00 |loss 26.1800 |hm_loss 0.3849 |wh_loss 1.0387 |off_loss 0.2249 |id_loss 14.0872 |Data 0.001s(0.003s) |Net 0.037s
mot/custom_5vals_colors_all_30ep_repr2| val: [9][300/1000]|Tot: 0:00:10 |ETA: 0:00:00 |loss 26.3133 |hm_loss 0.4893 |wh_loss 1.3671 |off_loss 0.2299 |id_loss 14.1765 |Data 0.001s(0.002s) |Net 0.036s
mot/custom_5vals_colors_all_30ep_repr2| val: [9][400/1000]|Tot: 0:00:14 |ETA: 0:00:00 |loss 26.3606 |hm_loss 0.5491 |wh_loss 1.4995 |off_loss 0.2325 |id_loss 14.2254 |Data 0.001s(0.002s) |Net 0.036s
mot/custom_5vals_colors_all_30ep_repr2| val: [9][500/1000]|Tot: 0:00:17 |ETA: 0:00:00 |loss 26.7064 |hm_loss 0.5195 |wh_loss 1.3847 |off_loss 0.2305 |id_loss 14.4770 |Data 0.001s(0.002s) |Net 0.036s
mot/custom_5vals_colors_all_30ep_repr2| val: [9][600/1000]|Tot: 0:00:21 |ETA: 0:00:00 |loss 26.8436 |hm_loss 0.5034 |wh_loss 1.3197 |off_loss 0.2299 |id_loss 14.5974 |Data 0.001s(0.002s) |Net 0.036s
mot/custom_5vals_colors_all_30ep_repr2| val: [9][700/1000]|Tot: 0:00:24 |ETA: 0:00:00 |loss 26.6484 |hm_loss 0.4696 |wh_loss 1.2318 |off_loss 0.2279 |id_loss 14.5505 |Data 0.001s(0.002s) |Net 0.036s
mot/custom_5vals_colors_all_30ep_repr2| val: [9][800/1000]|Tot: 0:00:28 |ETA: 0:00:00 |loss 26.5638 |hm_loss 0.4581 |wh_loss 1.1834 |off_loss 0.2277 |id_loss 14.4962 |Data 0.001s(0.002s) |Net 0.035s
mot/custom_5vals_colors_all_30ep_repr2| val: [9][900/1000]|Tot: 0:00:31 |ETA: 0:00:00 |loss 26.6776 |hm_loss 0.4503 |wh_loss 1.1548 |off_loss 0.2276 |id_loss 14.5996 |Data 0.001s(0.002s) |Net 0.035s
mot/custom_5vals_colors_all_30ep_repr2| train: [10][0/1626]|Tot: 0:00:01 |ETA: 0:00:00 |loss 11.6804 |hm_loss 0.5859 |wh_loss 1.0264 |off_loss 0.2179 |id_loss 10.7381 |Data 1.065s(1.065s) |Net 1.643s
mot/custom_5vals_colors_all_30ep_repr2| train: [10][100/1626]|Tot: 0:00:47 |ETA: 0:00:00 |loss 10.9476 |hm_loss 0.3110 |wh_loss 0.6830 |off_loss 0.2060 |id_loss 10.7494 |Data 0.002s(0.012s) |Net 0.469s
mot/custom_5vals_colors_all_30ep_repr2| train: [10][200/1626]|Tot: 0:01:32 |ETA: 0:00:00 |loss 10.9371 |hm_loss 0.3070 |wh_loss 0.6794 |off_loss 0.2045 |id_loss 10.7597 |Data 0.002s(0.007s) |Net 0.463s
mot/custom_5vals_colors_all_30ep_repr2| train: [10][300/1626]|Tot: 0:02:18 |ETA: 0:00:00 |loss 10.9323 |hm_loss 0.3083 |wh_loss 0.6789 |off_loss 0.2058 |id_loss 10.7649 |Data 0.002s(0.005s) |Net 0.461s
mot/custom_5vals_colors_all_30ep_repr2| train: [10][400/1626]|Tot: 0:03:04 |ETA: 0:00:00 |loss 10.9118 |hm_loss 0.3069 |wh_loss 0.6772 |off_loss 0.2058 |id_loss 10.7617 |Data 0.002s(0.004s) |Net 0.460s
mot/custom_5vals_colors_all_30ep_repr2| train: [10][500/1626]|Tot: 0:03:49 |ETA: 0:00:00 |loss 10.8986 |hm_loss 0.3064 |wh_loss 0.6753 |off_loss 0.2051 |id_loss 10.7654 |Data 0.002s(0.004s) |Net 0.459s
mot/custom_5vals_colors_all_30ep_repr2| train: [10][600/1626]|Tot: 0:04:35 |ETA: 0:00:00 |loss 10.8734 |hm_loss 0.3027 |wh_loss 0.6727 |off_loss 0.2050 |id_loss 10.7636 |Data 0.002s(0.003s) |Net 0.459s
mot/custom_5vals_colors_all_30ep_repr2| train: [10][700/1626]|Tot: 0:05:21 |ETA: 0:00:00 |loss 10.8502 |hm_loss 0.2999 |wh_loss 0.6751 |off_loss 0.2052 |id_loss 10.7616 |Data 0.002s(0.003s) |Net 0.458s
mot/custom_5vals_colors_all_30ep_repr2| train: [10][800/1626]|Tot: 0:06:07 |ETA: 0:00:00 |loss 10.8393 |hm_loss 0.3018 |wh_loss 0.6772 |off_loss 0.2053 |id_loss 10.7614 |Data 0.002s(0.003s) |Net 0.458s
mot/custom_5vals_colors_all_30ep_repr2| train: [10][900/1626]|Tot: 0:06:52 |ETA: 0:00:00 |loss 10.8176 |hm_loss 0.3007 |wh_loss 0.6765 |off_loss 0.2054 |id_loss 10.7597 |Data 0.002s(0.003s) |Net 0.458s
mot/custom_5vals_colors_all_30ep_repr2| train: [10][1000/1626]|Tot: 0:07:38 |ETA: 0:00:00 |loss 10.8051 |hm_loss 0.3018 |wh_loss 0.6790 |off_loss 0.2056 |id_loss 10.7575 |Data 0.002s(0.003s) |Net 0.458s
mot/custom_5vals_colors_all_30ep_repr2| train: [10][1100/1626]|Tot: 0:08:23 |ETA: 0:00:00 |loss 10.7986 |hm_loss 0.3043 |wh_loss 0.6809 |off_loss 0.2060 |id_loss 10.7573 |Data 0.002s(0.003s) |Net 0.458s
mot/custom_5vals_colors_all_30ep_repr2| train: [10][1200/1626]|Tot: 0:09:09 |ETA: 0:00:00 |loss 10.7827 |hm_loss 0.3043 |wh_loss 0.6787 |off_loss 0.2061 |id_loss 10.7560 |Data 0.002s(0.003s) |Net 0.458s
mot/custom_5vals_colors_all_30ep_repr2| train: [10][1300/1626]|Tot: 0:09:55 |ETA: 0:00:00 |loss 10.7678 |hm_loss 0.3034 |wh_loss 0.6805 |off_loss 0.2063 |id_loss 10.7566 |Data 0.002s(0.003s) |Net 0.458s
mot/custom_5vals_colors_all_30ep_repr2| train: [10][1400/1626]|Tot: 0:10:40 |ETA: 0:00:00 |loss 10.7501 |hm_loss 0.3026 |wh_loss 0.6776 |off_loss 0.2063 |id_loss 10.7581 |Data 0.002s(0.002s) |Net 0.457s
mot/custom_5vals_colors_all_30ep_repr2| train: [10][1500/1626]|Tot: 0:11:26 |ETA: 0:00:00 |loss 10.7353 |hm_loss 0.3023 |wh_loss 0.6763 |off_loss 0.2061 |id_loss 10.7588 |Data 0.002s(0.002s) |Net 0.457s
mot/custom_5vals_colors_all_30ep_repr2| train: [10][1600/1626]|Tot: 0:12:12 |ETA: 0:00:00 |loss 10.7235 |hm_loss 0.3027 |wh_loss 0.6754 |off_loss 0.2062 |id_loss 10.7606 |Data 0.002s(0.002s) |Net 0.457s
mot/custom_5vals_colors_all_30ep_repr2| val: [10][0/1000]|Tot: 0:00:00 |ETA: 0:00:00 |loss 25.7613 |hm_loss 0.4926 |wh_loss 1.1695 |off_loss 0.1982 |id_loss 13.8862 |Data 0.321s(0.321s) |Net 0.455s
mot/custom_5vals_colors_all_30ep_repr2| val: [10][100/1000]|Tot: 0:00:04 |ETA: 0:00:00 |loss 26.0475 |hm_loss 0.3461 |wh_loss 1.0445 |off_loss 0.2267 |id_loss 14.0747 |Data 0.001s(0.005s) |Net 0.040s
mot/custom_5vals_colors_all_30ep_repr2| val: [10][200/1000]|Tot: 0:00:07 |ETA: 0:00:00 |loss 26.2428 |hm_loss 0.3651 |wh_loss 1.0186 |off_loss 0.2231 |id_loss 14.1164 |Data 0.001s(0.003s) |Net 0.038s
mot/custom_5vals_colors_all_30ep_repr2| val: [10][300/1000]|Tot: 0:00:11 |ETA: 0:00:00 |loss 26.5417 |hm_loss 0.4783 |wh_loss 1.3313 |off_loss 0.2287 |id_loss 14.2941 |Data 0.001s(0.002s) |Net 0.037s
mot/custom_5vals_colors_all_30ep_repr2| val: [10][400/1000]|Tot: 0:00:14 |ETA: 0:00:00 |loss 26.6465 |hm_loss 0.5397 |wh_loss 1.4624 |off_loss 0.2315 |id_loss 14.3777 |Data 0.001s(0.002s) |Net 0.037s
mot/custom_5vals_colors_all_30ep_repr2| val: [10][500/1000]|Tot: 0:00:18 |ETA: 0:00:00 |loss 26.9477 |hm_loss 0.5085 |wh_loss 1.3678 |off_loss 0.2297 |id_loss 14.6285 |Data 0.001s(0.002s) |Net 0.036s
mot/custom_5vals_colors_all_30ep_repr2| val: [10][600/1000]|Tot: 0:00:21 |ETA: 0:00:00 |loss 27.0426 |hm_loss 0.4904 |wh_loss 1.3093 |off_loss 0.2292 |id_loss 14.7421 |Data 0.001s(0.002s) |Net 0.036s
mot/custom_5vals_colors_all_30ep_repr2| val: [10][700/1000]|Tot: 0:00:25 |ETA: 0:00:00 |loss 26.8114 |hm_loss 0.4581 |wh_loss 1.2220 |off_loss 0.2273 |id_loss 14.6954 |Data 0.001s(0.002s) |Net 0.036s
mot/custom_5vals_colors_all_30ep_repr2| val: [10][800/1000]|Tot: 0:00:28 |ETA: 0:00:00 |loss 26.6937 |hm_loss 0.4482 |wh_loss 1.1747 |off_loss 0.2271 |id_loss 14.6434 |Data 0.001s(0.002s) |Net 0.036s
mot/custom_5vals_colors_all_30ep_repr2| val: [10][900/1000]|Tot: 0:00:32 |ETA: 0:00:00 |loss 26.7836 |hm_loss 0.4394 |wh_loss 1.1436 |off_loss 0.2270 |id_loss 14.7420 |Data 0.001s(0.002s) |Net 0.036s
